In file included from [01m[K/home/lloyd/cart_ws/src/practical_robot_tools/ros_arduino/src/SerialMessage.cpp:1[m[K:
[01m[K/home/lloyd/cart_ws/src/practical_robot_tools/ros_arduino/include/ros_arduino/SerialMessage.h:30:5:[m[K [01;31m[Kerror: [m[K‘[01m[Kvector[m[K’ does not name a type
   30 |     [01;31m[Kvector[m[K<T> data;
      |     [01;31m[K^~~~~~[m[K
[01m[K/home/lloyd/cart_ws/src/practical_robot_tools/ros_arduino/src/SerialMessage.cpp:[m[K In member function ‘[01m[Kstd::vector<unsigned char> SerialMessage<T>::pack() const[m[K’:
[01m[K/home/lloyd/cart_ws/src/practical_robot_tools/ros_arduino/src/SerialMessage.cpp:39:28:[m[K [01;31m[Kerror: [m[K‘[01m[Kdata[m[K’ was not declared in this scope; did you mean ‘[01m[Kstd::data[m[K’?
   39 |     uint16_t data_length = [01;31m[Kdata[m[K.size();          // always 1 for bool
      |                            [01;31m[K^~~~[m[K
      |                            [32m[Kstd::data[m[K
In file included from [01m[K/usr/include/c++/11/string:54[m[K,
                 from [01m[K/home/lloyd/cart_ws/src/practical_robot_tools/ros_arduino/include/ros_arduino/SerialMessage.h:4[m[K,
                 from [01m[K/home/lloyd/cart_ws/src/practical_robot_tools/ros_arduino/src/SerialMessage.cpp:1[m[K:
[01m[K/usr/include/c++/11/bits/range_access.h:319:5:[m[K [01;36m[Knote: [m[K‘[01m[Kstd::data[m[K’ declared here
  319 |     [01;36m[Kdata[m[K(initializer_list<_Tp> __il) noexcept
      |     [01;36m[K^~~~[m[K
[01m[K/home/lloyd/cart_ws/src/practical_robot_tools/ros_arduino/src/SerialMessage.cpp:[m[K In member function ‘[01m[KT SerialMessage<T>::unpack(const std::vector<unsigned char>&)[m[K’:
[01m[K/home/lloyd/cart_ws/src/practical_robot_tools/ros_arduino/src/SerialMessage.cpp:62:9:[m[K [01;31m[Kerror: [m[K‘[01m[Kcout[m[K’ was not declared in this scope; did you mean ‘[01m[Kstd::cout[m[K’?
   62 |         [01;31m[Kcout[m[K << "Error - bad packet start" << endl;
      |         [01;31m[K^~~~[m[K
      |         [32m[Kstd::cout[m[K
In file included from [01m[K/home/lloyd/cart_ws/src/practical_robot_tools/ros_arduino/src/SerialMessage.cpp:2[m[K:
[01m[K/usr/include/c++/11/iostream:61:18:[m[K [01;36m[Knote: [m[K‘[01m[Kstd::cout[m[K’ declared here
   61 |   extern ostream [01;36m[Kcout[m[K;          /// Linked to standard output
      |                  [01;36m[K^~~~[m[K
[01m[K/home/lloyd/cart_ws/src/practical_robot_tools/ros_arduino/src/SerialMessage.cpp:62:47:[m[K [01;31m[Kerror: [m[K‘[01m[Kendl[m[K’ was not declared in this scope; did you mean ‘[01m[Kstd::endl[m[K’?
   62 |         cout << "Error - bad packet start" << [01;31m[Kendl[m[K;
      |                                               [01;31m[K^~~~[m[K
      |                                               [32m[Kstd::endl[m[K
In file included from [01m[K/usr/include/c++/11/iostream:39[m[K,
                 from [01m[K/home/lloyd/cart_ws/src/practical_robot_tools/ros_arduino/src/SerialMessage.cpp:2[m[K:
[01m[K/usr/include/c++/11/ostream:684:5:[m[K [01;36m[Knote: [m[K‘[01m[Kstd::endl[m[K’ declared here
  684 |     [01;36m[Kendl[m[K(basic_ostream<_CharT, _Traits>& __os)
      |     [01;36m[K^~~~[m[K
[01m[K/home/lloyd/cart_ws/src/practical_robot_tools/ros_arduino/src/SerialMessage.cpp:77:9:[m[K [01;31m[Kerror: [m[K‘[01m[Kcout[m[K’ was not declared in this scope; did you mean ‘[01m[Kstd::cout[m[K’?
   77 |         [01;31m[Kcout[m[K << "Error - bad checksum . Got " << received_checksum << "  expected  " << checksum << endl;
      |         [01;31m[K^~~~[m[K
      |         [32m[Kstd::cout[m[K
In file included from [01m[K/home/lloyd/cart_ws/src/practical_robot_tools/ros_arduino/src/SerialMessage.cpp:2[m[K:
[01m[K/usr/include/c++/11/iostream:61:18:[m[K [01;36m[Knote: [m[K‘[01m[Kstd::cout[m[K’ declared here
   61 |   extern ostream [01;36m[Kcout[m[K;          /// Linked to standard output
      |                  [01;36m[K^~~~[m[K
[01m[K/home/lloyd/cart_ws/src/practical_robot_tools/ros_arduino/src/SerialMessage.cpp:77:101:[m[K [01;31m[Kerror: [m[K‘[01m[Kendl[m[K’ was not declared in this scope; did you mean ‘[01m[Kstd::endl[m[K’?
   77 |         cout << "Error - bad checksum . Got " << received_checksum << "  expected  " << checksum << [01;31m[Kendl[m[K;
      |                                                                                                     [01;31m[K^~~~[m[K
      |                                                                                                     [32m[Kstd::endl[m[K
In file included from [01m[K/usr/include/c++/11/iostream:39[m[K,
                 from [01m[K/home/lloyd/cart_ws/src/practical_robot_tools/ros_arduino/src/SerialMessage.cpp:2[m[K:
[01m[K/usr/include/c++/11/ostream:684:5:[m[K [01;36m[Knote: [m[K‘[01m[Kstd::endl[m[K’ declared here
  684 |     [01;36m[Kendl[m[K(basic_ostream<_CharT, _Traits>& __os)
      |     [01;36m[K^~~~[m[K
[01m[K/home/lloyd/cart_ws/src/practical_robot_tools/ros_arduino/src/SerialMessage.cpp:86:9:[m[K [01;31m[Kerror: [m[K‘[01m[Ktype[m[K’ was not declared in this scope; did you mean ‘[01m[Kwctype[m[K’?
   86 |     if ([01;31m[Ktype[m[K != MessageType::MSG_TYPE_BOOL  || type != MessageType::MSG_TYPE_INT8 )  ///TODO ADD ALL TYPES
      |         [01;31m[K^~~~[m[K
      |         [32m[Kwctype[m[K
[01m[K/home/lloyd/cart_ws/src/practical_robot_tools/ros_arduino/src/SerialMessage.cpp:88:9:[m[K [01;31m[Kerror: [m[K‘[01m[Kcout[m[K’ was not declared in this scope; did you mean ‘[01m[Kstd::cout[m[K’?
   88 |         [01;31m[Kcout[m[K << "Error - not a valid type" << endl;
      |         [01;31m[K^~~~[m[K
      |         [32m[Kstd::cout[m[K
In file included from [01m[K/home/lloyd/cart_ws/src/practical_robot_tools/ros_arduino/src/SerialMessage.cpp:2[m[K:
[01m[K/usr/include/c++/11/iostream:61:18:[m[K [01;36m[Knote: [m[K‘[01m[Kstd::cout[m[K’ declared here
   61 |   extern ostream [01;36m[Kcout[m[K;          /// Linked to standard output
      |                  [01;36m[K^~~~[m[K
[01m[K/home/lloyd/cart_ws/src/practical_robot_tools/ros_arduino/src/SerialMessage.cpp:88:47:[m[K [01;31m[Kerror: [m[K‘[01m[Kendl[m[K’ was not declared in this scope; did you mean ‘[01m[Kstd::endl[m[K’?
   88 |         cout << "Error - not a valid type" << [01;31m[Kendl[m[K;
      |                                               [01;31m[K^~~~[m[K
      |                                               [32m[Kstd::endl[m[K
In file included from [01m[K/usr/include/c++/11/iostream:39[m[K,
                 from [01m[K/home/lloyd/cart_ws/src/practical_robot_tools/ros_arduino/src/SerialMessage.cpp:2[m[K:
[01m[K/usr/include/c++/11/ostream:684:5:[m[K [01;36m[Knote: [m[K‘[01m[Kstd::endl[m[K’ declared here
  684 |     [01;36m[Kendl[m[K(basic_ostream<_CharT, _Traits>& __os)
      |     [01;36m[K^~~~[m[K
[01m[K/home/lloyd/cart_ws/src/practical_robot_tools/ros_arduino/src/SerialMessage.cpp:99:57:[m[K [01;31m[Kerror: [m[K‘[01m[Ktopic_length[m[K’ was not declared in this scope
   99 |     temp.topic(packet.begin() + 7, packet.begin() + 7 + [01;31m[Ktopic_length[m[K);
      |                                                         [01;31m[K^~~~~~~~~~~~[m[K
[01m[K/home/lloyd/cart_ws/src/practical_robot_tools/ros_arduino/src/SerialMessage.cpp:[m[K In member function ‘[01m[Kstd::string SerialMessage<T>::toString() const[m[K’:
[01m[K/home/lloyd/cart_ws/src/practical_robot_tools/ros_arduino/src/SerialMessage.cpp:129:25:[m[K [01;31m[Kerror: [m[K‘[01m[Ktype[m[K’ was not declared in this scope; did you mean ‘[01m[Kwctype[m[K’?
  129 |     str += "  Type: " + [01;31m[Ktype[m[K;
      |                         [01;31m[K^~~~[m[K
      |                         [32m[Kwctype[m[K
gmake[2]: *** [CMakeFiles/test_protocol.dir/build.make:90: CMakeFiles/test_protocol.dir/src/SerialMessage.cpp.o] Error 1
gmake[1]: *** [CMakeFiles/Makefile2:137: CMakeFiles/test_protocol.dir/all] Error 2
gmake: *** [Makefile:146: all] Error 2
